# JRE version: OpenJDK Runtime Environment Temurin-17.0.1+12 (17.0.1+12) (build 17.0.1+12)
# Java VM: OpenJDK 64-Bit Server VM Temurin-17.0.1+12 (17.0.1+12, mixed mode, emulated-client, tiered, compressed oops, compressed class ptrs, g1 gc, windows-amd64)
GC Precious Log:
 CPUs: 8 total, 8 available
 Memory: 24270M
 Large Page Support: Disabled
 NUMA Support: Disabled
 Compressed Oops: Enabled (Zero based)
 Heap Region Size: 4M
 Heap Min Capacity: 8M
 Heap Initial Capacity: 380M
 Heap Max Capacity: 6068M
 Pre-touch: Disabled
 Parallel Workers: 8
 Concurrent Workers: 2
 Concurrent Refinement Workers: 8
 Periodic GC: Disabled
Heap:
 garbage-first heap   total 393216K, used 133871K [0x0000000684c00000, 0x0000000800000000)
  region size 4096K, 8 young (32768K), 1 survivors (4096K)
 Metaspace       used 100678K, committed 101696K, reserved 1138688K
  class space    used 13563K, committed 14016K, reserved 1048576K
GC Heap History (20 events):
Event: 382.976 GC heap before
{Heap before GC invocations=110 (full 12):
 garbage-first heap   total 327680K, used 253583K [0x0000000684c00000, 0x0000000800000000)
  region size 4096K, 42 young (172032K), 0 survivors (0K)
 Metaspace       used 93181K, committed 94080K, reserved 1130496K
  class space    used 12514K, committed 12928K, reserved 1048576K
}
Event: 382.980 GC heap after
{Heap after GC invocations=111 (full 12):
 garbage-first heap   total 327680K, used 91519K [0x0000000684c00000, 0x0000000800000000)
  region size 4096K, 2 young (8192K), 2 survivors (8192K)
 Metaspace       used 93181K, committed 94080K, reserved 1130496K
  class space    used 12514K, committed 12928K, reserved 1048576K
}
Event: 383.737 GC heap before
{Heap before GC invocations=111 (full 12):
 garbage-first heap   total 327680K, used 255359K [0x0000000684c00000, 0x0000000800000000)
  region size 4096K, 43 young (176128K), 2 survivors (8192K)
 Metaspace       used 93553K, committed 94464K, reserved 1130496K
  class space    used 12548K, committed 12992K, reserved 1048576K
}
Event: 383.744 GC heap after
{Heap after GC invocations=112 (full 12):
 garbage-first heap   total 327680K, used 98697K [0x0000000684c00000, 0x0000000800000000)
  region size 4096K, 4 young (16384K), 4 survivors (16384K)
 Metaspace       used 93553K, committed 94464K, reserved 1130496K
  class space    used 12548K, committed 12992K, reserved 1048576K
}
Event: 384.048 GC heap before
{Heap before GC invocations=112 (full 12):
 garbage-first heap   total 327680K, used 254345K [0x0000000684c00000, 0x0000000800000000)
  region size 4096K, 43 young (176128K), 4 survivors (16384K)
 Metaspace       used 93553K, committed 94464K, reserved 1130496K
  class space    used 12548K, committed 12992K, reserved 1048576K
}
Event: 384.053 GC heap after
{Heap after GC invocations=113 (full 12):
 garbage-first heap   total 327680K, used 97370K [0x0000000684c00000, 0x0000000800000000)
  region size 4096K, 2 young (8192K), 2 survivors (8192K)
 Metaspace       used 93553K, committed 94464K, reserved 1130496K
  class space    used 12548K, committed 12992K, reserved 1048576K
}
Event: 384.302 GC heap before
{Heap before GC invocations=113 (full 12):
 garbage-first heap   total 327680K, used 257114K [0x0000000684c00000, 0x0000000800000000)
  region size 4096K, 42 young (172032K), 2 survivors (8192K)
 Metaspace       used 93553K, committed 94464K, reserved 1130496K
  class space    used 12548K, committed 12992K, reserved 1048576K
}
Event: 384.313 GC heap after
{Heap after GC invocations=114 (full 12):
 garbage-first heap   total 327680K, used 114875K [0x0000000684c00000, 0x0000000800000000)
  region size 4096K, 6 young (24576K), 6 survivors (24576K)
 Metaspace       used 93553K, committed 94464K, reserved 1130496K
  class space    used 12548K, committed 12992K, reserved 1048576K
}
Event: 442.379 GC heap before
{Heap before GC invocations=114 (full 12):
 garbage-first heap   total 327680K, used 241851K [0x0000000684c00000, 0x0000000800000000)
  region size 4096K, 38 young (155648K), 6 survivors (24576K)
 Metaspace       used 95384K, committed 96320K, reserved 1138688K
  class space    used 12844K, committed 13312K, reserved 1048576K
}
Event: 442.387 GC heap after
{Heap after GC invocations=115 (full 12):
 garbage-first heap   total 393216K, used 101228K [0x0000000684c00000, 0x0000000800000000)
  region size 4096K, 2 young (8192K), 2 survivors (8192K)
 Metaspace       used 95384K, committed 96320K, reserved 1138688K
  class space    used 12844K, committed 13312K, reserved 1048576K
}
Event: 518.595 GC heap before
{Heap before GC invocations=115 (full 12):
 garbage-first heap   total 393216K, used 260972K [0x0000000684c00000, 0x0000000800000000)
  region size 4096K, 43 young (176128K), 2 survivors (8192K)
 Metaspace       used 100003K, committed 101056K, reserved 1138688K
  class space    used 13497K, committed 13952K, reserved 1048576K
}
Event: 518.667 GC heap after
{Heap after GC invocations=116 (full 13):
 garbage-first heap   total 393216K, used 94713K [0x0000000684c00000, 0x0000000800000000)
  region size 4096K, 0 young (0K), 0 survivors (0K)
 Metaspace       used 99996K, committed 101056K, reserved 1138688K
  class space    used 13496K, committed 13952K, reserved 1048576K
}
Event: 519.164 GC heap before
{Heap before GC invocations=116 (full 13):
 garbage-first heap   total 393216K, used 291321K [0x0000000684c00000, 0x0000000800000000)
  region size 4096K, 49 young (200704K), 0 survivors (0K)
 Metaspace       used 100200K, committed 101184K, reserved 1138688K
  class space    used 13523K, committed 13952K, reserved 1048576K
}
Event: 519.168 GC heap after
{Heap after GC invocations=117 (full 13):
 garbage-first heap   total 393216K, used 100533K [0x0000000684c00000, 0x0000000800000000)
  region size 4096K, 2 young (8192K), 2 survivors (8192K)
 Metaspace       used 100200K, committed 101184K, reserved 1138688K
  class space    used 13523K, committed 13952K, reserved 1048576K
}
Event: 519.998 GC heap before
{Heap before GC invocations=117 (full 13):
 garbage-first heap   total 393216K, used 293045K [0x0000000684c00000, 0x0000000800000000)
  region size 4096K, 49 young (200704K), 2 survivors (8192K)
 Metaspace       used 100573K, committed 101632K, reserved 1138688K
  class space    used 13558K, committed 14016K, reserved 1048576K
}
Event: 520.013 GC heap after
{Heap after GC invocations=118 (full 13):
 garbage-first heap   total 393216K, used 120462K [0x0000000684c00000, 0x0000000800000000)
  region size 4096K, 7 young (28672K), 7 survivors (28672K)
 Metaspace       used 100573K, committed 101632K, reserved 1138688K
  class space    used 13558K, committed 14016K, reserved 1048576K
}
Event: 520.445 GC heap before
{Heap before GC invocations=118 (full 13):
 garbage-first heap   total 393216K, used 280206K [0x0000000684c00000, 0x0000000800000000)
  region size 4096K, 47 young (192512K), 7 survivors (28672K)
 Metaspace       used 100573K, committed 101632K, reserved 1138688K
  class space    used 13558K, committed 14016K, reserved 1048576K
}
Event: 520.454 GC heap after
{Heap after GC invocations=119 (full 13):
 garbage-first heap   total 393216K, used 121208K [0x0000000684c00000, 0x0000000800000000)
  region size 4096K, 4 young (16384K), 4 survivors (16384K)
 Metaspace       used 100573K, committed 101632K, reserved 1138688K
  class space    used 13558K, committed 14016K, reserved 1048576K
}
Event: 521.016 GC heap before
{Heap before GC invocations=119 (full 13):
 garbage-first heap   total 393216K, used 276856K [0x0000000684c00000, 0x0000000800000000)
  region size 4096K, 43 young (176128K), 4 survivors (16384K)
 Metaspace       used 100575K, committed 101632K, reserved 1138688K
  class space    used 13558K, committed 14016K, reserved 1048576K
}
Event: 521.019 GC heap after
{Heap after GC invocations=120 (full 13):
 garbage-first heap   total 393216K, used 109295K [0x0000000684c00000, 0x0000000800000000)
  region size 4096K, 1 young (4096K), 1 survivors (4096K)
 Metaspace       used 100575K, committed 101632K, reserved 1138688K
  class space    used 13558K, committed 14016K, reserved 1048576K
}

